Running simulation with n=10, t_end=10...
✓ Completed t_end=10, results saved to ./timingsGKBA/padel_time_10.txt
Running simulation with n=10, t_end=31...
✓ Completed t_end=31, results saved to ./timingsGKBA/padel_time_31.txt
Running simulation with n=10, t_end=100...
✓ Completed t_end=100, results saved to ./timingsGKBA/padel_time_100.txt
Running simulation with n=10, t_end=316...
Running simulation with n=10, t_end=10...
✓ Completed t_end=10, results saved to ./timingsKBE/padel_time_10.txt
Running simulation with n=10, t_end=31...
✓ Completed t_end=31, results saved to ./timingsKBE/padel_time_31.txt
Running simulation with n=10, t_end=100...
✓ Completed t_end=316, results saved to ./timingsGKBA/padel_time_316.txt
Running simulation with n=10, t_end=1000...
✓ Completed t_end=100, results saved to ./timingsKBE/padel_time_100.txt
Running simulation with n=10, t_end=316...
✓ Completed t_end=1000, results saved to ./timingsGKBA/padel_time_1000.txt
Running simulation with n=10, t_end=3162...
Running simulation with n=4, t_end=10...
Running simulation with n=4, t_end=10...
✓ Completed t_end=10, results saved to ./timingsGKBA/padel_time_4_10.txt
Running simulation with n=4, t_end=31...
✓ Completed t_end=10, results saved to ./timingsKBE/padel_time_4_10.txt
Running simulation with n=4, t_end=31...
✓ Completed t_end=31, results saved to ./timingsGKBA/padel_time_4_31.txt
Running simulation with n=4, t_end=100...
✓ Completed t_end=31, results saved to ./timingsKBE/padel_time_4_31.txt
Running simulation with n=4, t_end=100...
⚠ Error encountered for t_end=100; see ./timingsGKBA/padel_time_4_100.txt for details
Running simulation with n=4, t_end=316...
⚠ Error encountered for t_end=316; see ./timingsGKBA/padel_time_4_316.txt for details
Running simulation with n=4, t_end=1000...
✓ Completed t_end=100, results saved to ./timingsKBE/padel_time_4_100.txt
Running simulation with n=4, t_end=316...
Running simulation with n=2, t_end=100...
Running simulation with n=2, t_end=100...
⚠ Error encountered for t_end=100; see ./timingsGKBA/GKBA_nsize_2_100.txt for details
Running simulation with n=4, t_end=100...
⚠ Error encountered for t_end=100; see ./timingsGKBA/GKBA_nsize_4_100.txt for details
Running simulation with n=6, t_end=100...
⚠ Error encountered for t_end=100; see ./timingsGKBA/GKBA_nsize_6_100.txt for details
Running simulation with n=8, t_end=100...
⚠ Error encountered for t_end=100; see ./timingsGKBA/GKBA_nsize_8_100.txt for details
Running simulation with n=10, t_end=100...
✓ Completed t_end=100, results saved to ./timingsKBE/KBE_nsize_2_100.txt
Running simulation with n=4, t_end=100...
⚠ Error encountered for t_end=100; see ./timingsGKBA/GKBA_nsize_10_100.txt for details
Running simulation with n=12, t_end=100...
⚠ Error encountered for t_end=100; see ./timingsGKBA/GKBA_nsize_12_100.txt for details
All runs attempted. Timing files are in the './timingsGKBA' folder.
⚠ Error encountered for t_end=1000; see ./timingsGKBA/padel_time_4_1000.txt for details
Running simulation with n=4, t_end=3162...
✓ Completed t_end=100, results saved to ./timingsKBE/KBE_nsize_4_100.txt
Running simulation with n=6, t_end=100...
✓ Completed t_end=100, results saved to ./timingsKBE/KBE_nsize_6_100.txt
Running simulation with n=8, t_end=100...
✓ Completed t_end=100, results saved to ./timingsKBE/KBE_nsize_8_100.txt
Running simulation with n=10, t_end=100...
✓ Completed t_end=100, results saved to ./timingsKBE/KBE_nsize_10_100.txt
Running simulation with n=12, t_end=100...
✓ Completed t_end=100, results saved to ./timingsKBE/KBE_nsize_12_100.txt
All runs attempted. Timing files are in the './timingsKBE' folder.
Running simulation with n=2, t_end=100...
✓ Completed t_end=100, results saved to ./timingsKBE/KBE_nsize_2_100.txt
Running simulation with n=4, t_end=100...
⚠ Error encountered for t_end=3162; see ./timingsGKBA/padel_time_4_3162.txt for details
All runs attempted. Timing files are in the './timingsGKBA' folder.
✓ Completed t_end=100, results saved to ./timingsKBE/KBE_nsize_4_100.txt
Running simulation with n=6, t_end=100...
✓ Completed t_end=316, results saved to ./timingsKBE/padel_time_316.txt
Running simulation with n=10, t_end=1000...
✓ Completed t_end=100, results saved to ./timingsKBE/KBE_nsize_6_100.txt
Running simulation with n=8, t_end=100...
✓ Completed t_end=100, results saved to ./timingsKBE/KBE_nsize_8_100.txt
Running simulation with n=10, t_end=100...
✓ Completed t_end=100, results saved to ./timingsKBE/KBE_nsize_10_100.txt
Running simulation with n=12, t_end=100...
✓ Completed t_end=100, results saved to ./timingsKBE/KBE_nsize_12_100.txt
All runs attempted. Timing files are in the './timingsKBE' folder.
✓ Completed t_end=316, results saved to ./timingsKBE/padel_time_4_316.txt
Running simulation with n=4, t_end=1000...
⚠ Error encountered for t_end=3162; see ./timingsGKBA/padel_time_3162.txt for details
All runs attempted. Timing files are in the './timingsGKBA' folder.
